
*************
Failed: 43
Response: {
    "id": null
}
*************

*************
Failed: 117
Response: {
    "id": null
}
*************

*************
Failed: 141
Response: {
    "id": null
}
*************

*************
Failed: 313
Response: null
*************

*************
Failed: 401
Response: {
    "id": null
}
*************

*************
Failed: 537
Response: {
    "id": null
}
*************

*************
Failed: 537
Response: {
    "id": null
}
*************

*************
Failed: 598
Response: {
    "id": null
}
*************

*************
Failed: 610
Response: null
*************

*************
Failed: 666
Response: null
*************

*************
Failed: 678
Response: {
    "id": null
}
*************

*************
Failed: 688
Response: null
*************

*************
Failed: 699
Response: null
*************

*************
Failed: 704
Response: null
*************

*************
Failed: 708
Response: {
    "id": null
}
*************

*************
Failed: 724
Response: {
    "id": null
}
*************

*************
Failed: 744
Response: {
    "id": null
}
*************

*************
Failed: 747
Response: {
    "id": null
}
*************

*************
Failed: 749
Response: {
    "id": null
}
*************

*************
Failed: 756
Response: {
    "id": null
}
*************

*************
Failed: 765
Response: {
    "id": null
}
*************

*************
Failed: 783
Response: null
*************

*************
Failed: 835
Response: {
    "id": null
}
*************

*************
Failed: 845
Response: {
    "id": null
}
*************

*************
Failed: 846
Response: {
    "id": null
}
*************
